<?xml version="1.0" encoding="UTF-8"?>
<!-- Generated by org.testng.reporters.JUnitReportReporter -->
<testsuite hostname="hpenugonda-dt" name="Banking.Payments.SepaMandate.SepaMandate" tests="2" failures="2" timestamp="18 Aug 2014 06:42:28 GMT" time="0.002" errors="0">
  <testcase name="creatingAllSepaMandate" time="0.001" classname="Banking.Payments.SepaMandate.SepaMandate">
    <failure type="org.openqa.selenium.WebDriverException" message="Failed to connect to binary FirefoxBinary(C:\Program Files (x86)\Mozilla Firefox\firefox.exe) on port 7055; process output follows: 
ions\webdriver-staging
1408344103221	addons.xpi	INFO	Mapping xpath_finder@xpath_finder.com to C:\Users\HPENUG~1\AppData\Local\Temp\anonymous8814501375046394321webdriver-profile\extensions\xpath_finder@xpath_finder.com.xpi
1408344103222	addons.xpi	INFO	Mapping {7eb3f691-25b4-4a85-9038-9e57e2bcd537} to C:\Users\HPENUG~1\AppData\Local\Temp\anonymous8814501375046394321webdriver-profile\extensions\{7eb3f691-25b4-4a85-9038-9e57e2bcd537}.xpi
1408344103222	addons.xpi	INFO	Mapping {a6fd85ed-e919-4a43-a5af-8da18bda539f} to C:\Users\HPENUG~1\AppData\Local\Temp\anonymous8814501375046394321webdriver-profile\extensions\{a6fd85ed-e919-4a43-a5af-8da18bda539f}.xpi
1408344103222	addons.xpi	INFO	Mapping {bee6eb20-01e0-ebd1-da83-080329fb9a3a} to C:\Users\HPENUG~1\AppData\Local\Temp\anonymous8814501375046394321webdriver-profile\extensions\{bee6eb20-01e0-ebd1-da83-080329fb9a3a}
1408344103222	addons.xpi	DEBUG	checkForChanges
1408344103246	addons.xpi	DEBUG	No changes found
1408344103249	addons.xpi	DEBUG	Registering manifest for C:\Users\HPENUG~1\AppData\Local\Temp\anonymous8814501375046394321webdriver-profile\extensions\bonfire-dev@atlassian.com.xpi
1408344103250	addons.xpi	DEBUG	Loading bootstrap scope from C:\Users\HPENUG~1\AppData\Local\Temp\anonymous8814501375046394321webdriver-profile\extensions\bonfire-dev@atlassian.com.xpi
1408344103254	addons.xpi	DEBUG	Calling bootstrap method startup on bonfire-dev@atlassian.com version 2.7.0.0
1408344103260	addons.xpi	DEBUG	Registering manifest for C:\Users\HPENUG~1\AppData\Local\Temp\anonymous8814501375046394321webdriver-profile\extensions\firebug@software.joehewitt.com.xpi
1408344103261	addons.xpi	DEBUG	Loading bootstrap scope from C:\Users\HPENUG~1\AppData\Local\Temp\anonymous8814501375046394321webdriver-profile\extensions\firebug@software.joehewitt.com.xpi
1408344103263	addons.xpi	DEBUG	Calling bootstrap method startup on firebug@software.joehewitt.com version 2.0.3
1408344104062	addons.xpi-utils	DEBUG	Starting async load of XPI database C:\Users\HPENUG~1\AppData\Local\Temp\anonymous8814501375046394321webdriver-profile\extensions.json
*** Blocklist::_preloadBlocklistFile: blocklist is disabled
1408344104526	addons.xpi-utils	DEBUG	Async JSON file read took 0 MS
1408344104526	addons.xpi-utils	DEBUG	Finished async read of XPI database, parsing...
1408344104527	addons.xpi-utils	DEBUG	Successfully read XPI database
JavaScript error: chrome://browser/content/urlbarBindings.xml, line 677: aUrl is undefined
*** Blocklist::_loadBlocklistFromFile: blocklist is disabled
JVMLauncher.afterStart(): starting JVM process watcher
java.lang.InterruptedException
	at java.lang.Object.wait(Native Method)
	at sun.plugin2.message.Queue.waitForMessage(Unknown Source)
	at sun.plugin2.message.Pipe$2.run(Unknown Source)
	at com.sun.deploy.util.Waiter$1.wait(Unknown Source)
	at com.sun.deploy.util.Waiter.runAndWait(Unknown Source)
	at sun.plugin2.message.Pipe.receive(Unknown Source)
	at sun.plugin2.main.server.HeartbeatThread.run(Unknown Source)
java.lang.InterruptedException
	at java.lang.Object.wait(Native Method)
	at sun.plugin2.message.Queue.waitForMessage(Unknown Source)
	at sun.plugin2.message.Pipe$1.run(Unknown Source)
	at com.sun.deploy.util.Waiter$1.wait(Unknown Source)
	at com.sun.deploy.util.Waiter.runAndWait(Unknown Source)
	at sun.plugin2.message.Pipe.receive(Unknown Source)
	at sun.plugin2.main.server.JVMInstance$WorkerThread.run(Unknown Source)
netscape.javascript.JSException: Plugin instance for applet ID 1 was already released
	at sun.plugin2.main.server.LiveConnectSupport.getInfo(Unknown Source)
	at sun.plugin2.main.server.LiveConnectSupport.shutdown(Unknown Source)
	at sun.plugin2.main.server.JVMInstance.unregisterApplet(Unknown Source)
	at sun.plugin2.main.server.JVMInstance.recycleAppletID(Unknown Source)
	at sun.plugin2.main.server.JVMManager.recycleAppletID(Unknown Source)
	at sun.plugin2.main.server.MozillaPlugin.stopApplet(Unknown Source)
	at sun.plugin2.main.server.MozillaPlugin.destroy(Unknown Source)
Running global cleanup code from study base classes.

Build info: version: &#039;2.42.2&#039;, revision: &#039;6a6995d31c7c56c340d6f45a76976d43506cd6cc&#039;, time: &#039;2014-06-03 10:52:47&#039;
System info: host: &#039;hpenugonda-dt&#039;, ip: &#039;10.0.1.86&#039;, os.name: &#039;Windows 7&#039;, os.arch: &#039;amd64&#039;, os.version: &#039;6.1&#039;, java.version: &#039;1.8.0_05&#039;
Driver info: driver.version: FirefoxDriver">
      <![CDATA[org.openqa.selenium.WebDriverException: Failed to connect to binary FirefoxBinary(C:\Program Files (x86)\Mozilla Firefox\firefox.exe) on port 7055; process output follows: 
ions\webdriver-staging
1408344103221	addons.xpi	INFO	Mapping xpath_finder@xpath_finder.com to C:\Users\HPENUG~1\AppData\Local\Temp\anonymous8814501375046394321webdriver-profile\extensions\xpath_finder@xpath_finder.com.xpi
1408344103222	addons.xpi	INFO	Mapping {7eb3f691-25b4-4a85-9038-9e57e2bcd537} to C:\Users\HPENUG~1\AppData\Local\Temp\anonymous8814501375046394321webdriver-profile\extensions\{7eb3f691-25b4-4a85-9038-9e57e2bcd537}.xpi
1408344103222	addons.xpi	INFO	Mapping {a6fd85ed-e919-4a43-a5af-8da18bda539f} to C:\Users\HPENUG~1\AppData\Local\Temp\anonymous8814501375046394321webdriver-profile\extensions\{a6fd85ed-e919-4a43-a5af-8da18bda539f}.xpi
1408344103222	addons.xpi	INFO	Mapping {bee6eb20-01e0-ebd1-da83-080329fb9a3a} to C:\Users\HPENUG~1\AppData\Local\Temp\anonymous8814501375046394321webdriver-profile\extensions\{bee6eb20-01e0-ebd1-da83-080329fb9a3a}
1408344103222	addons.xpi	DEBUG	checkForChanges
1408344103246	addons.xpi	DEBUG	No changes found
1408344103249	addons.xpi	DEBUG	Registering manifest for C:\Users\HPENUG~1\AppData\Local\Temp\anonymous8814501375046394321webdriver-profile\extensions\bonfire-dev@atlassian.com.xpi
1408344103250	addons.xpi	DEBUG	Loading bootstrap scope from C:\Users\HPENUG~1\AppData\Local\Temp\anonymous8814501375046394321webdriver-profile\extensions\bonfire-dev@atlassian.com.xpi
1408344103254	addons.xpi	DEBUG	Calling bootstrap method startup on bonfire-dev@atlassian.com version 2.7.0.0
1408344103260	addons.xpi	DEBUG	Registering manifest for C:\Users\HPENUG~1\AppData\Local\Temp\anonymous8814501375046394321webdriver-profile\extensions\firebug@software.joehewitt.com.xpi
1408344103261	addons.xpi	DEBUG	Loading bootstrap scope from C:\Users\HPENUG~1\AppData\Local\Temp\anonymous8814501375046394321webdriver-profile\extensions\firebug@software.joehewitt.com.xpi
1408344103263	addons.xpi	DEBUG	Calling bootstrap method startup on firebug@software.joehewitt.com version 2.0.3
1408344104062	addons.xpi-utils	DEBUG	Starting async load of XPI database C:\Users\HPENUG~1\AppData\Local\Temp\anonymous8814501375046394321webdriver-profile\extensions.json
*** Blocklist::_preloadBlocklistFile: blocklist is disabled
1408344104526	addons.xpi-utils	DEBUG	Async JSON file read took 0 MS
1408344104526	addons.xpi-utils	DEBUG	Finished async read of XPI database, parsing...
1408344104527	addons.xpi-utils	DEBUG	Successfully read XPI database
JavaScript error: chrome://browser/content/urlbarBindings.xml, line 677: aUrl is undefined
*** Blocklist::_loadBlocklistFromFile: blocklist is disabled
JVMLauncher.afterStart(): starting JVM process watcher
java.lang.InterruptedException
	at java.lang.Object.wait(Native Method)
	at sun.plugin2.message.Queue.waitForMessage(Unknown Source)
	at sun.plugin2.message.Pipe$2.run(Unknown Source)
	at com.sun.deploy.util.Waiter$1.wait(Unknown Source)
	at com.sun.deploy.util.Waiter.runAndWait(Unknown Source)
	at sun.plugin2.message.Pipe.receive(Unknown Source)
	at sun.plugin2.main.server.HeartbeatThread.run(Unknown Source)
java.lang.InterruptedException
	at java.lang.Object.wait(Native Method)
	at sun.plugin2.message.Queue.waitForMessage(Unknown Source)
	at sun.plugin2.message.Pipe$1.run(Unknown Source)
	at com.sun.deploy.util.Waiter$1.wait(Unknown Source)
	at com.sun.deploy.util.Waiter.runAndWait(Unknown Source)
	at sun.plugin2.message.Pipe.receive(Unknown Source)
	at sun.plugin2.main.server.JVMInstance$WorkerThread.run(Unknown Source)
netscape.javascript.JSException: Plugin instance for applet ID 1 was already released
	at sun.plugin2.main.server.LiveConnectSupport.getInfo(Unknown Source)
	at sun.plugin2.main.server.LiveConnectSupport.shutdown(Unknown Source)
	at sun.plugin2.main.server.JVMInstance.unregisterApplet(Unknown Source)
	at sun.plugin2.main.server.JVMInstance.recycleAppletID(Unknown Source)
	at sun.plugin2.main.server.JVMManager.recycleAppletID(Unknown Source)
	at sun.plugin2.main.server.MozillaPlugin.stopApplet(Unknown Source)
	at sun.plugin2.main.server.MozillaPlugin.destroy(Unknown Source)
Running global cleanup code from study base classes.

Build info: version: '2.42.2', revision: '6a6995d31c7c56c340d6f45a76976d43506cd6cc', time: '2014-06-03 10:52:47'
System info: host: 'hpenugonda-dt', ip: '10.0.1.86', os.name: 'Windows 7', os.arch: 'amd64', os.version: '6.1', java.version: '1.8.0_05'
Driver info: driver.version: FirefoxDriver
	at org.openqa.selenium.firefox.internal.NewProfileExtensionConnection.start(NewProfileExtensionConnection.java:130)
	at org.openqa.selenium.firefox.FirefoxDriver.startClient(FirefoxDriver.java:246)
	at org.openqa.selenium.remote.RemoteWebDriver.<init>(RemoteWebDriver.java:114)
	at org.openqa.selenium.firefox.FirefoxDriver.<init>(FirefoxDriver.java:191)
	at org.openqa.selenium.firefox.FirefoxDriver.<init>(FirefoxDriver.java:186)
	at org.openqa.selenium.firefox.FirefoxDriver.<init>(FirefoxDriver.java:182)
	at org.openqa.selenium.firefox.FirefoxDriver.<init>(FirefoxDriver.java:95)
	at General.common.beforeClass(common.java:22)
	at sun.reflect.NativeMethodAccessorImpl.invoke0(Native Method)
	at sun.reflect.NativeMethodAccessorImpl.invoke(Unknown Source)
	at sun.reflect.DelegatingMethodAccessorImpl.invoke(Unknown Source)
	at java.lang.reflect.Method.invoke(Unknown Source)
	at org.testng.internal.MethodInvocationHelper.invokeMethod(MethodInvocationHelper.java:84)
	at org.testng.internal.Invoker.invokeConfigurationMethod(Invoker.java:564)
	at org.testng.internal.Invoker.invokeConfigurations(Invoker.java:213)
	at org.testng.internal.Invoker.invokeConfigurations(Invoker.java:138)
	at org.testng.internal.TestMethodWorker.invokeBeforeClassMethods(TestMethodWorker.java:175)
	at org.testng.internal.TestMethodWorker.run(TestMethodWorker.java:107)
	at org.testng.TestRunner.privateRun(TestRunner.java:767)
	at org.testng.TestRunner.run(TestRunner.java:617)
	at org.testng.SuiteRunner.runTest(SuiteRunner.java:334)
	at org.testng.SuiteRunner.runSequentially(SuiteRunner.java:329)
	at org.testng.SuiteRunner.privateRun(SuiteRunner.java:291)
	at org.testng.SuiteRunner.run(SuiteRunner.java:240)
	at org.testng.SuiteRunnerWorker.runSuite(SuiteRunnerWorker.java:52)
	at org.testng.SuiteRunnerWorker.run(SuiteRunnerWorker.java:86)
	at org.testng.TestNG.runSuitesSequentially(TestNG.java:1224)
	at org.testng.TestNG.runSuitesLocally(TestNG.java:1149)
	at org.testng.TestNG.run(TestNG.java:1057)
	at org.testng.remote.RemoteTestNG.run(RemoteTestNG.java:111)
	at org.testng.remote.RemoteTestNG.initAndRun(RemoteTestNG.java:204)
	at org.testng.remote.RemoteTestNG.main(RemoteTestNG.java:175)
Caused by: org.openqa.selenium.firefox.NotConnectedException: Unable to connect to host 127.0.0.1 on port 7055 after 45000 ms. Firefox console output:
ions\webdriver-staging
1408344103221	addons.xpi	INFO	Mapping xpath_finder@xpath_finder.com to C:\Users\HPENUG~1\AppData\Local\Temp\anonymous8814501375046394321webdriver-profile\extensions\xpath_finder@xpath_finder.com.xpi
1408344103222	addons.xpi	INFO	Mapping {7eb3f691-25b4-4a85-9038-9e57e2bcd537} to C:\Users\HPENUG~1\AppData\Local\Temp\anonymous8814501375046394321webdriver-profile\extensions\{7eb3f691-25b4-4a85-9038-9e57e2bcd537}.xpi
1408344103222	addons.xpi	INFO	Mapping {a6fd85ed-e919-4a43-a5af-8da18bda539f} to C:\Users\HPENUG~1\AppData\Local\Temp\anonymous8814501375046394321webdriver-profile\extensions\{a6fd85ed-e919-4a43-a5af-8da18bda539f}.xpi
1408344103222	addons.xpi	INFO	Mapping {bee6eb20-01e0-ebd1-da83-080329fb9a3a} to C:\Users\HPENUG~1\AppData\Local\Temp\anonymous8814501375046394321webdriver-profile\extensions\{bee6eb20-01e0-ebd1-da83-080329fb9a3a}
1408344103222	addons.xpi	DEBUG	checkForChanges
1408344103246	addons.xpi	DEBUG	No changes found
1408344103249	addons.xpi	DEBUG	Registering manifest for C:\Users\HPENUG~1\AppData\Local\Temp\anonymous8814501375046394321webdriver-profile\extensions\bonfire-dev@atlassian.com.xpi
1408344103250	addons.xpi	DEBUG	Loading bootstrap scope from C:\Users\HPENUG~1\AppData\Local\Temp\anonymous8814501375046394321webdriver-profile\extensions\bonfire-dev@atlassian.com.xpi
1408344103254	addons.xpi	DEBUG	Calling bootstrap method startup on bonfire-dev@atlassian.com version 2.7.0.0
1408344103260	addons.xpi	DEBUG	Registering manifest for C:\Users\HPENUG~1\AppData\Local\Temp\anonymous8814501375046394321webdriver-profile\extensions\firebug@software.joehewitt.com.xpi
1408344103261	addons.xpi	DEBUG	Loading bootstrap scope from C:\Users\HPENUG~1\AppData\Local\Temp\anonymous8814501375046394321webdriver-profile\extensions\firebug@software.joehewitt.com.xpi
1408344103263	addons.xpi	DEBUG	Calling bootstrap method startup on firebug@software.joehewitt.com version 2.0.3
1408344104062	addons.xpi-utils	DEBUG	Starting async load of XPI database C:\Users\HPENUG~1\AppData\Local\Temp\anonymous8814501375046394321webdriver-profile\extensions.json
*** Blocklist::_preloadBlocklistFile: blocklist is disabled
1408344104526	addons.xpi-utils	DEBUG	Async JSON file read took 0 MS
1408344104526	addons.xpi-utils	DEBUG	Finished async read of XPI database, parsing...
1408344104527	addons.xpi-utils	DEBUG	Successfully read XPI database
JavaScript error: chrome://browser/content/urlbarBindings.xml, line 677: aUrl is undefined
*** Blocklist::_loadBlocklistFromFile: blocklist is disabled
JVMLauncher.afterStart(): starting JVM process watcher
java.lang.InterruptedException
	at java.lang.Object.wait(Native Method)
	at sun.plugin2.message.Queue.waitForMessage(Unknown Source)
	at sun.plugin2.message.Pipe$2.run(Unknown Source)
	at com.sun.deploy.util.Waiter$1.wait(Unknown Source)
	at com.sun.deploy.util.Waiter.runAndWait(Unknown Source)
	at sun.plugin2.message.Pipe.receive(Unknown Source)
	at sun.plugin2.main.server.HeartbeatThread.run(Unknown Source)
java.lang.InterruptedException
	at java.lang.Object.wait(Native Method)
	at sun.plugin2.message.Queue.waitForMessage(Unknown Source)
	at sun.plugin2.message.Pipe$1.run(Unknown Source)
	at com.sun.deploy.util.Waiter$1.wait(Unknown Source)
	at com.sun.deploy.util.Waiter.runAndWait(Unknown Source)
	at sun.plugin2.message.Pipe.receive(Unknown Source)
	at sun.plugin2.main.server.JVMInstance$WorkerThread.run(Unknown Source)
netscape.javascript.JSException: Plugin instance for applet ID 1 was already released
	at sun.plugin2.main.server.LiveConnectSupport.getInfo(Unknown Source)
	at sun.plugin2.main.server.LiveConnectSupport.shutdown(Unknown Source)
	at sun.plugin2.main.server.JVMInstance.unregisterApplet(Unknown Source)
	at sun.plugin2.main.server.JVMInstance.recycleAppletID(Unknown Source)
	at sun.plugin2.main.server.JVMManager.recycleAppletID(Unknown Source)
	at sun.plugin2.main.server.MozillaPlugin.stopApplet(Unknown Source)
	at sun.plugin2.main.server.MozillaPlugin.destroy(Unknown Source)
Running global cleanup code from study base classes.

	at org.openqa.selenium.firefox.internal.NewProfileExtensionConnection.start(NewProfileExtensionConnection.java:118)
	... 31 more
]]>
    </failure>
  </testcase> <!-- creatingAllSepaMandate -->
  <testcase name="checkingForValidationErrors" time="0.001" classname="Banking.Payments.SepaMandate.SepaMandate">
    <failure type="org.openqa.selenium.WebDriverException" message="Failed to connect to binary FirefoxBinary(C:\Program Files (x86)\Mozilla Firefox\firefox.exe) on port 7055; process output follows: 
ions\webdriver-staging
1408344103221	addons.xpi	INFO	Mapping xpath_finder@xpath_finder.com to C:\Users\HPENUG~1\AppData\Local\Temp\anonymous8814501375046394321webdriver-profile\extensions\xpath_finder@xpath_finder.com.xpi
1408344103222	addons.xpi	INFO	Mapping {7eb3f691-25b4-4a85-9038-9e57e2bcd537} to C:\Users\HPENUG~1\AppData\Local\Temp\anonymous8814501375046394321webdriver-profile\extensions\{7eb3f691-25b4-4a85-9038-9e57e2bcd537}.xpi
1408344103222	addons.xpi	INFO	Mapping {a6fd85ed-e919-4a43-a5af-8da18bda539f} to C:\Users\HPENUG~1\AppData\Local\Temp\anonymous8814501375046394321webdriver-profile\extensions\{a6fd85ed-e919-4a43-a5af-8da18bda539f}.xpi
1408344103222	addons.xpi	INFO	Mapping {bee6eb20-01e0-ebd1-da83-080329fb9a3a} to C:\Users\HPENUG~1\AppData\Local\Temp\anonymous8814501375046394321webdriver-profile\extensions\{bee6eb20-01e0-ebd1-da83-080329fb9a3a}
1408344103222	addons.xpi	DEBUG	checkForChanges
1408344103246	addons.xpi	DEBUG	No changes found
1408344103249	addons.xpi	DEBUG	Registering manifest for C:\Users\HPENUG~1\AppData\Local\Temp\anonymous8814501375046394321webdriver-profile\extensions\bonfire-dev@atlassian.com.xpi
1408344103250	addons.xpi	DEBUG	Loading bootstrap scope from C:\Users\HPENUG~1\AppData\Local\Temp\anonymous8814501375046394321webdriver-profile\extensions\bonfire-dev@atlassian.com.xpi
1408344103254	addons.xpi	DEBUG	Calling bootstrap method startup on bonfire-dev@atlassian.com version 2.7.0.0
1408344103260	addons.xpi	DEBUG	Registering manifest for C:\Users\HPENUG~1\AppData\Local\Temp\anonymous8814501375046394321webdriver-profile\extensions\firebug@software.joehewitt.com.xpi
1408344103261	addons.xpi	DEBUG	Loading bootstrap scope from C:\Users\HPENUG~1\AppData\Local\Temp\anonymous8814501375046394321webdriver-profile\extensions\firebug@software.joehewitt.com.xpi
1408344103263	addons.xpi	DEBUG	Calling bootstrap method startup on firebug@software.joehewitt.com version 2.0.3
1408344104062	addons.xpi-utils	DEBUG	Starting async load of XPI database C:\Users\HPENUG~1\AppData\Local\Temp\anonymous8814501375046394321webdriver-profile\extensions.json
*** Blocklist::_preloadBlocklistFile: blocklist is disabled
1408344104526	addons.xpi-utils	DEBUG	Async JSON file read took 0 MS
1408344104526	addons.xpi-utils	DEBUG	Finished async read of XPI database, parsing...
1408344104527	addons.xpi-utils	DEBUG	Successfully read XPI database
JavaScript error: chrome://browser/content/urlbarBindings.xml, line 677: aUrl is undefined
*** Blocklist::_loadBlocklistFromFile: blocklist is disabled
JVMLauncher.afterStart(): starting JVM process watcher
java.lang.InterruptedException
	at java.lang.Object.wait(Native Method)
	at sun.plugin2.message.Queue.waitForMessage(Unknown Source)
	at sun.plugin2.message.Pipe$2.run(Unknown Source)
	at com.sun.deploy.util.Waiter$1.wait(Unknown Source)
	at com.sun.deploy.util.Waiter.runAndWait(Unknown Source)
	at sun.plugin2.message.Pipe.receive(Unknown Source)
	at sun.plugin2.main.server.HeartbeatThread.run(Unknown Source)
java.lang.InterruptedException
	at java.lang.Object.wait(Native Method)
	at sun.plugin2.message.Queue.waitForMessage(Unknown Source)
	at sun.plugin2.message.Pipe$1.run(Unknown Source)
	at com.sun.deploy.util.Waiter$1.wait(Unknown Source)
	at com.sun.deploy.util.Waiter.runAndWait(Unknown Source)
	at sun.plugin2.message.Pipe.receive(Unknown Source)
	at sun.plugin2.main.server.JVMInstance$WorkerThread.run(Unknown Source)
netscape.javascript.JSException: Plugin instance for applet ID 1 was already released
	at sun.plugin2.main.server.LiveConnectSupport.getInfo(Unknown Source)
	at sun.plugin2.main.server.LiveConnectSupport.shutdown(Unknown Source)
	at sun.plugin2.main.server.JVMInstance.unregisterApplet(Unknown Source)
	at sun.plugin2.main.server.JVMInstance.recycleAppletID(Unknown Source)
	at sun.plugin2.main.server.JVMManager.recycleAppletID(Unknown Source)
	at sun.plugin2.main.server.MozillaPlugin.stopApplet(Unknown Source)
	at sun.plugin2.main.server.MozillaPlugin.destroy(Unknown Source)
Running global cleanup code from study base classes.

Build info: version: &#039;2.42.2&#039;, revision: &#039;6a6995d31c7c56c340d6f45a76976d43506cd6cc&#039;, time: &#039;2014-06-03 10:52:47&#039;
System info: host: &#039;hpenugonda-dt&#039;, ip: &#039;10.0.1.86&#039;, os.name: &#039;Windows 7&#039;, os.arch: &#039;amd64&#039;, os.version: &#039;6.1&#039;, java.version: &#039;1.8.0_05&#039;
Driver info: driver.version: FirefoxDriver">
      <![CDATA[org.openqa.selenium.WebDriverException: Failed to connect to binary FirefoxBinary(C:\Program Files (x86)\Mozilla Firefox\firefox.exe) on port 7055; process output follows: 
ions\webdriver-staging
1408344103221	addons.xpi	INFO	Mapping xpath_finder@xpath_finder.com to C:\Users\HPENUG~1\AppData\Local\Temp\anonymous8814501375046394321webdriver-profile\extensions\xpath_finder@xpath_finder.com.xpi
1408344103222	addons.xpi	INFO	Mapping {7eb3f691-25b4-4a85-9038-9e57e2bcd537} to C:\Users\HPENUG~1\AppData\Local\Temp\anonymous8814501375046394321webdriver-profile\extensions\{7eb3f691-25b4-4a85-9038-9e57e2bcd537}.xpi
1408344103222	addons.xpi	INFO	Mapping {a6fd85ed-e919-4a43-a5af-8da18bda539f} to C:\Users\HPENUG~1\AppData\Local\Temp\anonymous8814501375046394321webdriver-profile\extensions\{a6fd85ed-e919-4a43-a5af-8da18bda539f}.xpi
1408344103222	addons.xpi	INFO	Mapping {bee6eb20-01e0-ebd1-da83-080329fb9a3a} to C:\Users\HPENUG~1\AppData\Local\Temp\anonymous8814501375046394321webdriver-profile\extensions\{bee6eb20-01e0-ebd1-da83-080329fb9a3a}
1408344103222	addons.xpi	DEBUG	checkForChanges
1408344103246	addons.xpi	DEBUG	No changes found
1408344103249	addons.xpi	DEBUG	Registering manifest for C:\Users\HPENUG~1\AppData\Local\Temp\anonymous8814501375046394321webdriver-profile\extensions\bonfire-dev@atlassian.com.xpi
1408344103250	addons.xpi	DEBUG	Loading bootstrap scope from C:\Users\HPENUG~1\AppData\Local\Temp\anonymous8814501375046394321webdriver-profile\extensions\bonfire-dev@atlassian.com.xpi
1408344103254	addons.xpi	DEBUG	Calling bootstrap method startup on bonfire-dev@atlassian.com version 2.7.0.0
1408344103260	addons.xpi	DEBUG	Registering manifest for C:\Users\HPENUG~1\AppData\Local\Temp\anonymous8814501375046394321webdriver-profile\extensions\firebug@software.joehewitt.com.xpi
1408344103261	addons.xpi	DEBUG	Loading bootstrap scope from C:\Users\HPENUG~1\AppData\Local\Temp\anonymous8814501375046394321webdriver-profile\extensions\firebug@software.joehewitt.com.xpi
1408344103263	addons.xpi	DEBUG	Calling bootstrap method startup on firebug@software.joehewitt.com version 2.0.3
1408344104062	addons.xpi-utils	DEBUG	Starting async load of XPI database C:\Users\HPENUG~1\AppData\Local\Temp\anonymous8814501375046394321webdriver-profile\extensions.json
*** Blocklist::_preloadBlocklistFile: blocklist is disabled
1408344104526	addons.xpi-utils	DEBUG	Async JSON file read took 0 MS
1408344104526	addons.xpi-utils	DEBUG	Finished async read of XPI database, parsing...
1408344104527	addons.xpi-utils	DEBUG	Successfully read XPI database
JavaScript error: chrome://browser/content/urlbarBindings.xml, line 677: aUrl is undefined
*** Blocklist::_loadBlocklistFromFile: blocklist is disabled
JVMLauncher.afterStart(): starting JVM process watcher
java.lang.InterruptedException
	at java.lang.Object.wait(Native Method)
	at sun.plugin2.message.Queue.waitForMessage(Unknown Source)
	at sun.plugin2.message.Pipe$2.run(Unknown Source)
	at com.sun.deploy.util.Waiter$1.wait(Unknown Source)
	at com.sun.deploy.util.Waiter.runAndWait(Unknown Source)
	at sun.plugin2.message.Pipe.receive(Unknown Source)
	at sun.plugin2.main.server.HeartbeatThread.run(Unknown Source)
java.lang.InterruptedException
	at java.lang.Object.wait(Native Method)
	at sun.plugin2.message.Queue.waitForMessage(Unknown Source)
	at sun.plugin2.message.Pipe$1.run(Unknown Source)
	at com.sun.deploy.util.Waiter$1.wait(Unknown Source)
	at com.sun.deploy.util.Waiter.runAndWait(Unknown Source)
	at sun.plugin2.message.Pipe.receive(Unknown Source)
	at sun.plugin2.main.server.JVMInstance$WorkerThread.run(Unknown Source)
netscape.javascript.JSException: Plugin instance for applet ID 1 was already released
	at sun.plugin2.main.server.LiveConnectSupport.getInfo(Unknown Source)
	at sun.plugin2.main.server.LiveConnectSupport.shutdown(Unknown Source)
	at sun.plugin2.main.server.JVMInstance.unregisterApplet(Unknown Source)
	at sun.plugin2.main.server.JVMInstance.recycleAppletID(Unknown Source)
	at sun.plugin2.main.server.JVMManager.recycleAppletID(Unknown Source)
	at sun.plugin2.main.server.MozillaPlugin.stopApplet(Unknown Source)
	at sun.plugin2.main.server.MozillaPlugin.destroy(Unknown Source)
Running global cleanup code from study base classes.

Build info: version: '2.42.2', revision: '6a6995d31c7c56c340d6f45a76976d43506cd6cc', time: '2014-06-03 10:52:47'
System info: host: 'hpenugonda-dt', ip: '10.0.1.86', os.name: 'Windows 7', os.arch: 'amd64', os.version: '6.1', java.version: '1.8.0_05'
Driver info: driver.version: FirefoxDriver
	at org.openqa.selenium.firefox.internal.NewProfileExtensionConnection.start(NewProfileExtensionConnection.java:130)
	at org.openqa.selenium.firefox.FirefoxDriver.startClient(FirefoxDriver.java:246)
	at org.openqa.selenium.remote.RemoteWebDriver.<init>(RemoteWebDriver.java:114)
	at org.openqa.selenium.firefox.FirefoxDriver.<init>(FirefoxDriver.java:191)
	at org.openqa.selenium.firefox.FirefoxDriver.<init>(FirefoxDriver.java:186)
	at org.openqa.selenium.firefox.FirefoxDriver.<init>(FirefoxDriver.java:182)
	at org.openqa.selenium.firefox.FirefoxDriver.<init>(FirefoxDriver.java:95)
	at General.common.beforeClass(common.java:22)
	at sun.reflect.NativeMethodAccessorImpl.invoke0(Native Method)
	at sun.reflect.NativeMethodAccessorImpl.invoke(Unknown Source)
	at sun.reflect.DelegatingMethodAccessorImpl.invoke(Unknown Source)
	at java.lang.reflect.Method.invoke(Unknown Source)
	at org.testng.internal.MethodInvocationHelper.invokeMethod(MethodInvocationHelper.java:84)
	at org.testng.internal.Invoker.invokeConfigurationMethod(Invoker.java:564)
	at org.testng.internal.Invoker.invokeConfigurations(Invoker.java:213)
	at org.testng.internal.Invoker.invokeConfigurations(Invoker.java:138)
	at org.testng.internal.TestMethodWorker.invokeBeforeClassMethods(TestMethodWorker.java:175)
	at org.testng.internal.TestMethodWorker.run(TestMethodWorker.java:107)
	at org.testng.TestRunner.privateRun(TestRunner.java:767)
	at org.testng.TestRunner.run(TestRunner.java:617)
	at org.testng.SuiteRunner.runTest(SuiteRunner.java:334)
	at org.testng.SuiteRunner.runSequentially(SuiteRunner.java:329)
	at org.testng.SuiteRunner.privateRun(SuiteRunner.java:291)
	at org.testng.SuiteRunner.run(SuiteRunner.java:240)
	at org.testng.SuiteRunnerWorker.runSuite(SuiteRunnerWorker.java:52)
	at org.testng.SuiteRunnerWorker.run(SuiteRunnerWorker.java:86)
	at org.testng.TestNG.runSuitesSequentially(TestNG.java:1224)
	at org.testng.TestNG.runSuitesLocally(TestNG.java:1149)
	at org.testng.TestNG.run(TestNG.java:1057)
	at org.testng.remote.RemoteTestNG.run(RemoteTestNG.java:111)
	at org.testng.remote.RemoteTestNG.initAndRun(RemoteTestNG.java:204)
	at org.testng.remote.RemoteTestNG.main(RemoteTestNG.java:175)
Caused by: org.openqa.selenium.firefox.NotConnectedException: Unable to connect to host 127.0.0.1 on port 7055 after 45000 ms. Firefox console output:
ions\webdriver-staging
1408344103221	addons.xpi	INFO	Mapping xpath_finder@xpath_finder.com to C:\Users\HPENUG~1\AppData\Local\Temp\anonymous8814501375046394321webdriver-profile\extensions\xpath_finder@xpath_finder.com.xpi
1408344103222	addons.xpi	INFO	Mapping {7eb3f691-25b4-4a85-9038-9e57e2bcd537} to C:\Users\HPENUG~1\AppData\Local\Temp\anonymous8814501375046394321webdriver-profile\extensions\{7eb3f691-25b4-4a85-9038-9e57e2bcd537}.xpi
1408344103222	addons.xpi	INFO	Mapping {a6fd85ed-e919-4a43-a5af-8da18bda539f} to C:\Users\HPENUG~1\AppData\Local\Temp\anonymous8814501375046394321webdriver-profile\extensions\{a6fd85ed-e919-4a43-a5af-8da18bda539f}.xpi
1408344103222	addons.xpi	INFO	Mapping {bee6eb20-01e0-ebd1-da83-080329fb9a3a} to C:\Users\HPENUG~1\AppData\Local\Temp\anonymous8814501375046394321webdriver-profile\extensions\{bee6eb20-01e0-ebd1-da83-080329fb9a3a}
1408344103222	addons.xpi	DEBUG	checkForChanges
1408344103246	addons.xpi	DEBUG	No changes found
1408344103249	addons.xpi	DEBUG	Registering manifest for C:\Users\HPENUG~1\AppData\Local\Temp\anonymous8814501375046394321webdriver-profile\extensions\bonfire-dev@atlassian.com.xpi
1408344103250	addons.xpi	DEBUG	Loading bootstrap scope from C:\Users\HPENUG~1\AppData\Local\Temp\anonymous8814501375046394321webdriver-profile\extensions\bonfire-dev@atlassian.com.xpi
1408344103254	addons.xpi	DEBUG	Calling bootstrap method startup on bonfire-dev@atlassian.com version 2.7.0.0
1408344103260	addons.xpi	DEBUG	Registering manifest for C:\Users\HPENUG~1\AppData\Local\Temp\anonymous8814501375046394321webdriver-profile\extensions\firebug@software.joehewitt.com.xpi
1408344103261	addons.xpi	DEBUG	Loading bootstrap scope from C:\Users\HPENUG~1\AppData\Local\Temp\anonymous8814501375046394321webdriver-profile\extensions\firebug@software.joehewitt.com.xpi
1408344103263	addons.xpi	DEBUG	Calling bootstrap method startup on firebug@software.joehewitt.com version 2.0.3
1408344104062	addons.xpi-utils	DEBUG	Starting async load of XPI database C:\Users\HPENUG~1\AppData\Local\Temp\anonymous8814501375046394321webdriver-profile\extensions.json
*** Blocklist::_preloadBlocklistFile: blocklist is disabled
1408344104526	addons.xpi-utils	DEBUG	Async JSON file read took 0 MS
1408344104526	addons.xpi-utils	DEBUG	Finished async read of XPI database, parsing...
1408344104527	addons.xpi-utils	DEBUG	Successfully read XPI database
JavaScript error: chrome://browser/content/urlbarBindings.xml, line 677: aUrl is undefined
*** Blocklist::_loadBlocklistFromFile: blocklist is disabled
JVMLauncher.afterStart(): starting JVM process watcher
java.lang.InterruptedException
	at java.lang.Object.wait(Native Method)
	at sun.plugin2.message.Queue.waitForMessage(Unknown Source)
	at sun.plugin2.message.Pipe$2.run(Unknown Source)
	at com.sun.deploy.util.Waiter$1.wait(Unknown Source)
	at com.sun.deploy.util.Waiter.runAndWait(Unknown Source)
	at sun.plugin2.message.Pipe.receive(Unknown Source)
	at sun.plugin2.main.server.HeartbeatThread.run(Unknown Source)
java.lang.InterruptedException
	at java.lang.Object.wait(Native Method)
	at sun.plugin2.message.Queue.waitForMessage(Unknown Source)
	at sun.plugin2.message.Pipe$1.run(Unknown Source)
	at com.sun.deploy.util.Waiter$1.wait(Unknown Source)
	at com.sun.deploy.util.Waiter.runAndWait(Unknown Source)
	at sun.plugin2.message.Pipe.receive(Unknown Source)
	at sun.plugin2.main.server.JVMInstance$WorkerThread.run(Unknown Source)
netscape.javascript.JSException: Plugin instance for applet ID 1 was already released
	at sun.plugin2.main.server.LiveConnectSupport.getInfo(Unknown Source)
	at sun.plugin2.main.server.LiveConnectSupport.shutdown(Unknown Source)
	at sun.plugin2.main.server.JVMInstance.unregisterApplet(Unknown Source)
	at sun.plugin2.main.server.JVMInstance.recycleAppletID(Unknown Source)
	at sun.plugin2.main.server.JVMManager.recycleAppletID(Unknown Source)
	at sun.plugin2.main.server.MozillaPlugin.stopApplet(Unknown Source)
	at sun.plugin2.main.server.MozillaPlugin.destroy(Unknown Source)
Running global cleanup code from study base classes.

	at org.openqa.selenium.firefox.internal.NewProfileExtensionConnection.start(NewProfileExtensionConnection.java:118)
	... 31 more
]]>
    </failure>
  </testcase> <!-- checkingForValidationErrors -->
</testsuite> <!-- Banking.Payments.SepaMandate.SepaMandate -->
