<?xml version="1.0" encoding="UTF-8"?>
<!-- Generated by org.testng.reporters.JUnitReportReporter -->
<testsuite hostname="HEMA-PC" name="com.test.Test" tests="1" failures="0" timestamp="26 Jul 2014 07:00:49 GMT" time="1.269" errors="0">
  <testcase name="testing" time="1.269" classname="com.test.Test"/>
</testsuite> <!-- com.test.Test -->
