<?xml version="1.0" encoding="UTF-8"?>
<!-- Generated by org.testng.reporters.JUnitReportReporter -->
<testsuite hostname="hpenugonda-dt" name="samplePractice.TestLog4J" tests="1" failures="0" timestamp="26 Nov 2014 10:34:18 GMT" time="0.271" errors="0">
  <testcase name="testing" time="0.271" classname="samplePractice.TestLog4J"/>
</testsuite> <!-- samplePractice.TestLog4J -->
