<?xml version="1.0" encoding="UTF-8"?>
<!-- Generated by org.testng.reporters.JUnitReportReporter -->
<testsuite hostname="hpenugonda-dt" name="utility.Log4J" tests="2" failures="0" timestamp="26 Nov 2014 08:02:41 GMT" time="0.314" errors="0">
  <testcase name="name" time="0.001" classname="utility.Log4J"/>
  <testcase name="beforeClass" time="0.313" classname="utility.Log4J"/>
</testsuite> <!-- utility.Log4J -->
