<?xml version="1.0" encoding="UTF-8"?>
<!-- Generated by org.testng.reporters.JUnitReportReporter -->
<testsuite hostname="Hema-PC" name="eventListeners.TestExtendsCommon" tests="1" failures="0" timestamp="27 Nov 2014 17:22:44 GMT" time="2.681" errors="0">
  <testcase name="sample" time="2.681" classname="eventListeners.TestExtendsCommon"/>
</testsuite> <!-- eventListeners.TestExtendsCommon -->
