<?xml version="1.0" encoding="UTF-8"?>
<!-- Generated by org.testng.reporters.JUnitReportReporter -->
<testsuite hostname="Hema-PC" name="com.test.Sample" tests="1" failures="0" timestamp="4 Jan 2015 10:04:20 GMT" time="0.014" errors="0">
  <testcase name="name" time="0.014" classname="com.test.Sample"/>
</testsuite> <!-- com.test.Sample -->
