<?xml version="1.0" encoding="UTF-8"?>
<!-- Generated by org.testng.reporters.JUnitReportReporter -->
<testsuite hostname="hpenugonda-dt" name="eventListeners.TestExtendsCommon" tests="1" failures="0" timestamp="27 Nov 2014 13:29:15 GMT" time="4.420" errors="0">
  <testcase name="sample" time="4.420" classname="eventListeners.TestExtendsCommon"/>
</testsuite> <!-- eventListeners.TestExtendsCommon -->
