<?xml version="1.0" encoding="UTF-8"?>
<!-- Generated by org.testng.reporters.JUnitReportReporter -->
<testsuite hostname="hpenugonda-dt" name="utility.Log" tests="1" failures="0" timestamp="26 Nov 2014 09:56:44 GMT" time="0.013" errors="0">
  <testcase name="name" time="0.013" classname="utility.Log"/>
</testsuite> <!-- utility.Log -->
