<?xml version="1.0" encoding="UTF-8"?>
<!-- Generated by org.testng.reporters.JUnitReportReporter -->
<testsuite hostname="hpenugonda-dt" name="com.admin.banks.customers.Customers" tests="1" failures="0" timestamp="16 Jan 2015 06:08:23 GMT" time="878.316" errors="0">
  <testcase name="creatingCudtomersForMigration" time="878.316" classname="com.admin.banks.customers.Customers"/>
</testsuite> <!-- com.admin.banks.customers.Customers -->
