<?xml version="1.0" encoding="UTF-8"?>
<!-- Generated by org.testng.reporters.JUnitReportReporter -->
<testsuite hostname="HEMA-PC" name="General.Test" tests="1" failures="0" timestamp="16 Aug 2014 07:01:58 GMT" time="0.041" errors="0">
  <testcase name="test" time="0.041" classname="General.Test"/>
</testsuite> <!-- General.Test -->
