<?xml version="1.0" encoding="UTF-8"?>
<!-- Generated by org.testng.reporters.JUnitReportReporter -->
<testsuite hostname="Hema-PC" name="com.pageObjectFactory.Test" tests="1" failures="0" timestamp="4 Jan 2015 15:23:05 GMT" time="94.503" errors="0">
  <testcase name="name" time="94.503" classname="com.pageObjectFactory.Test"/>
</testsuite> <!-- com.pageObjectFactory.Test -->
