<?xml version="1.0" encoding="UTF-8"?>
<!-- Generated by org.testng.reporters.JUnitReportReporter -->
<testsuite hostname="hpenugonda-dt" name="Tasks.CORE6348" tests="1" failures="0" timestamp="5 Sep 2014 14:27:08 GMT" time="2.266" errors="0">
  <testcase name="checkingMandatoryFieldsBackgroundColor" time="2.266" classname="Tasks.CORE6348"/>
</testsuite> <!-- Tasks.CORE6348 -->
