<?xml version="1.0" encoding="UTF-8"?>
<!-- Generated by org.testng.reporters.JUnitReportReporter -->
<testsuite hostname="Hema-PC" name="eventListeners.Test1" tests="1" failures="0" timestamp="26 Nov 2014 17:22:55 GMT" time="0.012" errors="0">
  <testcase name="main" time="0.012" classname="eventListeners.Test1"/>
</testsuite> <!-- eventListeners.Test1 -->
