<?xml version="1.0" encoding="UTF-8"?>
<!-- Generated by org.testng.reporters.JUnitReportReporter -->
<testsuite hostname="hpenugonda-dt" name="com.admin.banks.bankManagement.BankManagement" tests="1" failures="0" timestamp="16 Jan 2015 05:45:09 GMT" time="241.250" errors="0">
  <testcase name="creatingBanksForMigration" time="241.250" classname="com.admin.banks.bankManagement.BankManagement"/>
</testsuite> <!-- com.admin.banks.bankManagement.BankManagement -->
