<?xml version="1.0" encoding="UTF-8"?>
<!-- Generated by org.testng.reporters.JUnitReportReporter -->
<testsuite hostname="HEMA-PC" name="General.NavigatetoOverviews" tests="1" failures="0" timestamp="26 Jul 2014 05:40:37 GMT" time="0.051" errors="0">
  <testcase name="bankingPaymentsOverview" time="0.051" classname="General.NavigatetoOverviews"/>
</testsuite> <!-- General.NavigatetoOverviews -->
