<?xml version="1.0" encoding="UTF-8"?>
<!-- Generated by org.testng.reporters.JUnitReportReporter -->
<testsuite hostname="Hema-PC" name="webDriverEventListeners.Test1" tests="1" failures="0" timestamp="18 Nov 2014 16:58:19 GMT" time="0.012" errors="0">
  <testcase name="main" time="0.012" classname="webDriverEventListeners.Test1"/>
</testsuite> <!-- webDriverEventListeners.Test1 -->
