<?xml version="1.0" encoding="UTF-8"?>
<!-- Generated by org.testng.reporters.JUnitReportReporter -->
<testsuite hostname="hpenugonda-dt" name="Banking.AWV.Z10AllScenCreation" tests="2" failures="0" timestamp="18 Aug 2014 11:58:28 GMT" time="2390.503" errors="0">
  <testcase name="checkingForValidationErrors" time="5.053" classname="Banking.AWV.Z10AllScenCreation"/>
  <testcase name="Z10Reports" time="2385.450" classname="Banking.AWV.Z10AllScenCreation"/>
</testsuite> <!-- Banking.AWV.Z10AllScenCreation -->
