<?xml version="1.0" encoding="UTF-8"?>
<!-- Generated by org.testng.reporters.JUnitReportReporter -->
<testsuite hostname="Hema-PC" name="eventListeners.Test" tests="1" failures="0" timestamp="26 Nov 2014 17:51:38 GMT" time="9.881" errors="0">
  <testcase name="test1" time="9.881" classname="eventListeners.Test"/>
</testsuite> <!-- eventListeners.Test -->
