<?xml version="1.0" encoding="UTF-8"?>
<!-- Generated by org.testng.reporters.JUnitReportReporter -->
<testsuite hostname="HEMA-PC" name="General.Dave" tests="1" failures="0" timestamp="4 Sep 2014 09:41:32 GMT" time="4.139" errors="0">
  <testcase name="test" time="4.139" classname="General.Dave"/>
</testsuite> <!-- General.Dave -->
