<?xml version="1.0" encoding="UTF-8"?>
<!-- Generated by org.testng.reporters.JUnitReportReporter -->
<testsuite hostname="hpenugonda-dt" name="General.ImportJournal" tests="1" failures="0" timestamp="27 Aug 2014 13:10:16 GMT" time="249.697" errors="0">
  <testcase name="importingAdvices" time="249.697" classname="General.ImportJournal"/>
</testsuite> <!-- General.ImportJournal -->
