<?xml version="1.0" encoding="UTF-8"?>
<!-- Generated by org.testng.reporters.JUnitReportReporter -->
<testsuite hostname="hpenugonda-dt" name="com.admin.banks.channels.Channels" tests="1" failures="0" timestamp="16 Jan 2015 05:50:26 GMT" time="238.654" errors="0">
  <testcase name="creatingChannelsForMigration" time="238.654" classname="com.admin.banks.channels.Channels"/>
</testsuite> <!-- com.admin.banks.channels.Channels -->
