<?xml version="1.0" encoding="UTF-8"?>
<!-- Generated by org.testng.reporters.JUnitReportReporter -->
<testsuite hostname="hpenugonda-dt" name="utility.common" tests="1" failures="0" timestamp="26 Nov 2014 07:32:11 GMT" time="43.519" errors="0">
  <testcase name="beforeClass" time="43.519" classname="utility.common"/>
</testsuite> <!-- utility.common -->
