<?xml version="1.0" encoding="UTF-8"?>
<!-- Generated by org.testng.reporters.JUnitReportReporter -->
<testsuite hostname="Hema-PC" name="com.utility.SendEmail" tests="1" failures="0" timestamp="6 Jan 2015 17:47:10 GMT" time="10.856" errors="0">
  <testcase name="execute" time="10.856" classname="com.utility.SendEmail"/>
</testsuite> <!-- com.utility.SendEmail -->
