<?xml version="1.0" encoding="UTF-8"?>
<!-- Generated by org.testng.reporters.JUnitReportReporter -->
<testsuite hostname="hpenugonda-dt" name="com.utility.SendEmail" tests="1" failures="0" timestamp="7 Jan 2015 11:54:54 GMT" time="22.983" errors="0">
  <testcase name="execute" time="22.983" classname="com.utility.SendEmail"/>
</testsuite> <!-- com.utility.SendEmail -->
